#
# There is insufficient memory for the Java Runtime Environment to continue.
# Native memory allocation (mmap) failed to map 4294967296 bytes for committing reserved memory.
# Possible reasons:
#   The system is out of physical RAM or swap space
#   The process is running with CompressedOops enabled, and the Java Heap may be blocking the growth of the native heap
# Possible solutions:
#   Reduce memory load on the system
#   Increase physical memory or swap space
#   Check if swap backing store is full
#   Decrease Java heap size (-Xmx/-Xms)
#   Decrease number of Java threads
#   Decrease Java thread stack sizes (-Xss)
#   Set larger code cache with -XX:ReservedCodeCacheSize=
# This output file may be truncated or incomplete.
#
#  Out of Memory Error (os_linux.cpp:2757), pid=31293, tid=0x00007f6a1817f700
#
# JRE version:  (8.0_222-b10) (build )
# Java VM: OpenJDK 64-Bit Server VM (25.222-b10 mixed mode linux-amd64 compressed oops)
# Failed to write core dump. Core dumps have been disabled. To enable core dumping, try "ulimit -c unlimited" before starting Java again
#

---------------  T H R E A D  ---------------

Current thread (0x00007f6a1000a800):  JavaThread "Unknown thread" [_thread_in_vm, id=31294, stack(0x00007f6a18080000,0x00007f6a18180000)]

Stack: [0x00007f6a18080000,0x00007f6a18180000],  sp=0x00007f6a1817e660,  free space=1017k
Native frames: (J=compiled Java code, j=interpreted, Vv=VM code, C=native code)
V  [libjvm.so+0xa7c530]
V  [libjvm.so+0x4cbb3c]
V  [libjvm.so+0x8cb238]
V  [libjvm.so+0x8c253e]
V  [libjvm.so+0x940aee]
V  [libjvm.so+0x942b4d]
V  [libjvm.so+0x2b1837]
V  [libjvm.so+0x8f06b2]
V  [libjvm.so+0xa408c1]
V  [libjvm.so+0xa40b22]
V  [libjvm.so+0x61539f]
V  [libjvm.so+0xa2545c]
V  [libjvm.so+0x690801]  JNI_CreateJavaVM+0x61
C  [libjli.so+0x2e87]
C  [libjli.so+0x73ad]
C  [libpthread.so.0+0x74a4]  start_thread+0xc4


---------------  P R O C E S S  ---------------

Java Threads: ( => current thread )

Other Threads:

=>0x00007f6a1000a800 (exited) JavaThread "Unknown thread" [_thread_in_vm, id=31294, stack(0x00007f6a18080000,0x00007f6a18180000)]

VM state:not at safepoint (not fully initialized)

VM Mutex/Monitor currently owned by a thread: None

heap address: 0x00000004c0000000, size: 12288 MB, Compressed Oops mode: Non-zero based:0x00000004bffff000, Oop shift amount: 3
Narrow klass base: 0x0000000000000000, Narrow klass shift: 0

GC Heap History (0 events):
No events

Deoptimization events (0 events):
No events

Classes redefined (0 events):
No events

Internal exceptions (0 events):
No events

Events (0 events):
No events


Dynamic libraries:
4c0000000-6c0000000 ---p 00000000 00:00 0 
55ea612f1000-55ea612f2000 r-xp 00000000 08:01 670203                     /usr/lib/jvm/java-8-openjdk-amd64/jre/bin/java
55ea614f1000-55ea614f2000 r--p 00000000 08:01 670203                     /usr/lib/jvm/java-8-openjdk-amd64/jre/bin/java
55ea614f2000-55ea614f3000 rw-p 00001000 08:01 670203                     /usr/lib/jvm/java-8-openjdk-amd64/jre/bin/java
55ea61583000-55ea615a4000 rw-p 00000000 00:00 0                          [heap]
7f69ff7ff000-7f6a00fff000 ---p 00000000 00:00 0 
7f6a00fff000-7f6a01000000 rw-p 00000000 00:00 0 
7f6a01000000-7f6a01270000 rwxp 00000000 00:00 0 
7f6a01270000-7f6a10000000 ---p 00000000 00:00 0 
7f6a10000000-7f6a10031000 rw-p 00000000 00:00 0 
7f6a10031000-7f6a14000000 ---p 00000000 00:00 0 
7f6a14745000-7f6a1474f000 rw-p 00000000 00:00 0 
7f6a1474f000-7f6a14b05000 ---p 00000000 00:00 0 
7f6a14b05000-7f6a14b0d000 r-xp 00000000 08:01 670246                     /usr/lib/jvm/java-8-openjdk-amd64/jre/lib/amd64/libzip.so
7f6a14b0d000-7f6a14d0c000 ---p 00008000 08:01 670246                     /usr/lib/jvm/java-8-openjdk-amd64/jre/lib/amd64/libzip.so
7f6a14d0c000-7f6a14d0d000 r--p 00007000 08:01 670246                     /usr/lib/jvm/java-8-openjdk-amd64/jre/lib/amd64/libzip.so
7f6a14d0d000-7f6a14d0e000 rw-p 00008000 08:01 670246                     /usr/lib/jvm/java-8-openjdk-amd64/jre/lib/amd64/libzip.so
7f6a14d0e000-7f6a14d18000 r-xp 00000000 08:01 393382                     /lib/x86_64-linux-gnu/libnss_files-2.24.so
7f6a14d18000-7f6a14f18000 ---p 0000a000 08:01 393382                     /lib/x86_64-linux-gnu/libnss_files-2.24.so
7f6a14f18000-7f6a14f19000 r--p 0000a000 08:01 393382                     /lib/x86_64-linux-gnu/libnss_files-2.24.so
7f6a14f19000-7f6a14f1a000 rw-p 0000b000 08:01 393382                     /lib/x86_64-linux-gnu/libnss_files-2.24.so
7f6a14f1a000-7f6a14f20000 rw-p 00000000 00:00 0 
7f6a14f20000-7f6a14f2b000 r-xp 00000000 08:01 393684                     /lib/x86_64-linux-gnu/libnss_nis-2.24.so
7f6a14f2b000-7f6a1512a000 ---p 0000b000 08:01 393684                     /lib/x86_64-linux-gnu/libnss_nis-2.24.so
7f6a1512a000-7f6a1512b000 r--p 0000a000 08:01 393684                     /lib/x86_64-linux-gnu/libnss_nis-2.24.so
7f6a1512b000-7f6a1512c000 rw-p 0000b000 08:01 393684                     /lib/x86_64-linux-gnu/libnss_nis-2.24.so
7f6a1512c000-7f6a15140000 r-xp 00000000 08:01 393327                     /lib/x86_64-linux-gnu/libnsl-2.24.so
7f6a15140000-7f6a15340000 ---p 00014000 08:01 393327                     /lib/x86_64-linux-gnu/libnsl-2.24.so
7f6a15340000-7f6a15341000 r--p 00014000 08:01 393327                     /lib/x86_64-linux-gnu/libnsl-2.24.so
7f6a15341000-7f6a15342000 rw-p 00015000 08:01 393327                     /lib/x86_64-linux-gnu/libnsl-2.24.so
7f6a15342000-7f6a15344000 rw-p 00000000 00:00 0 
7f6a15344000-7f6a1534b000 r-xp 00000000 08:01 393328                     /lib/x86_64-linux-gnu/libnss_compat-2.24.so
7f6a1534b000-7f6a1554a000 ---p 00007000 08:01 393328                     /lib/x86_64-linux-gnu/libnss_compat-2.24.so
7f6a1554a000-7f6a1554b000 r--p 00006000 08:01 393328                     /lib/x86_64-linux-gnu/libnss_compat-2.24.so
7f6a1554b000-7f6a1554c000 rw-p 00007000 08:01 393328                     /lib/x86_64-linux-gnu/libnss_compat-2.24.so
7f6a1554c000-7f6a15575000 r-xp 00000000 08:01 670227                     /usr/lib/jvm/java-8-openjdk-amd64/jre/lib/amd64/libjava.so
7f6a15575000-7f6a15774000 ---p 00029000 08:01 670227                     /usr/lib/jvm/java-8-openjdk-amd64/jre/lib/amd64/libjava.so
7f6a15774000-7f6a15775000 r--p 00028000 08:01 670227                     /usr/lib/jvm/java-8-openjdk-amd64/jre/lib/amd64/libjava.so
7f6a15775000-7f6a15777000 rw-p 00029000 08:01 670227                     /usr/lib/jvm/java-8-openjdk-amd64/jre/lib/amd64/libjava.so
7f6a15777000-7f6a15786000 r-xp 00000000 08:01 670245                     /usr/lib/jvm/java-8-openjdk-amd64/jre/lib/amd64/libverify.so
7f6a15786000-7f6a15985000 ---p 0000f000 08:01 670245                     /usr/lib/jvm/java-8-openjdk-amd64/jre/lib/amd64/libverify.so
7f6a15985000-7f6a15987000 r--p 0000e000 08:01 670245                     /usr/lib/jvm/java-8-openjdk-amd64/jre/lib/amd64/libverify.so
7f6a15987000-7f6a15988000 rw-p 00010000 08:01 670245                     /usr/lib/jvm/java-8-openjdk-amd64/jre/lib/amd64/libverify.so
7f6a15988000-7f6a1598f000 r-xp 00000000 08:01 393715                     /lib/x86_64-linux-gnu/librt-2.24.so
7f6a1598f000-7f6a15b8e000 ---p 00007000 08:01 393715                     /lib/x86_64-linux-gnu/librt-2.24.so
7f6a15b8e000-7f6a15b8f000 r--p 00006000 08:01 393715                     /lib/x86_64-linux-gnu/librt-2.24.so
7f6a15b8f000-7f6a15b90000 rw-p 00007000 08:01 393715                     /lib/x86_64-linux-gnu/librt-2.24.so
7f6a15b90000-7f6a15ba6000 r-xp 00000000 08:01 393307                     /lib/x86_64-linux-gnu/libgcc_s.so.1
7f6a15ba6000-7f6a15da5000 ---p 00016000 08:01 393307                     /lib/x86_64-linux-gnu/libgcc_s.so.1
7f6a15da5000-7f6a15da6000 r--p 00015000 08:01 393307                     /lib/x86_64-linux-gnu/libgcc_s.so.1
7f6a15da6000-7f6a15da7000 rw-p 00016000 08:01 393307                     /lib/x86_64-linux-gnu/libgcc_s.so.1
7f6a15da7000-7f6a15eaa000 r-xp 00000000 08:01 393324                     /lib/x86_64-linux-gnu/libm-2.24.so
7f6a15eaa000-7f6a160a9000 ---p 00103000 08:01 393324                     /lib/x86_64-linux-gnu/libm-2.24.so
7f6a160a9000-7f6a160aa000 r--p 00102000 08:01 393324                     /lib/x86_64-linux-gnu/libm-2.24.so
7f6a160aa000-7f6a160ab000 rw-p 00103000 08:01 393324                     /lib/x86_64-linux-gnu/libm-2.24.so
7f6a160ab000-7f6a1621d000 r-xp 00000000 08:01 135928                     /usr/lib/x86_64-linux-gnu/libstdc++.so.6.0.22
7f6a1621d000-7f6a1641d000 ---p 00172000 08:01 135928                     /usr/lib/x86_64-linux-gnu/libstdc++.so.6.0.22
7f6a1641d000-7f6a16427000 r--p 00172000 08:01 135928                     /usr/lib/x86_64-linux-gnu/libstdc++.so.6.0.22
7f6a16427000-7f6a16429000 rw-p 0017c000 08:01 135928                     /usr/lib/x86_64-linux-gnu/libstdc++.so.6.0.22
7f6a16429000-7f6a1642d000 rw-p 00000000 00:00 0 
7f6a1642d000-7f6a17094000 r-xp 00000000 08:01 670248                     /usr/lib/jvm/java-8-openjdk-amd64/jre/lib/amd64/server/libjvm.so
7f6a17094000-7f6a17293000 ---p 00c67000 08:01 670248                     /usr/lib/jvm/java-8-openjdk-amd64/jre/lib/amd64/server/libjvm.so
7f6a17293000-7f6a17327000 r--p 00c66000 08:01 670248                     /usr/lib/jvm/java-8-openjdk-amd64/jre/lib/amd64/server/libjvm.so
7f6a17327000-7f6a17350000 rw-p 00cfa000 08:01 670248                     /usr/lib/jvm/java-8-openjdk-amd64/jre/lib/amd64/server/libjvm.so
7f6a17350000-7f6a17380000 rw-p 00000000 00:00 0 
7f6a17380000-7f6a17515000 r-xp 00000000 08:01 393320                     /lib/x86_64-linux-gnu/libc-2.24.so
7f6a17515000-7f6a17715000 ---p 00195000 08:01 393320                     /lib/x86_64-linux-gnu/libc-2.24.so
7f6a17715000-7f6a17719000 r--p 00195000 08:01 393320                     /lib/x86_64-linux-gnu/libc-2.24.so
7f6a17719000-7f6a1771b000 rw-p 00199000 08:01 393320                     /lib/x86_64-linux-gnu/libc-2.24.so
7f6a1771b000-7f6a1771f000 rw-p 00000000 00:00 0 
7f6a1771f000-7f6a17722000 r-xp 00000000 08:01 393323                     /lib/x86_64-linux-gnu/libdl-2.24.so
7f6a17722000-7f6a17921000 ---p 00003000 08:01 393323                     /lib/x86_64-linux-gnu/libdl-2.24.so
7f6a17921000-7f6a17922000 r--p 00002000 08:01 393323                     /lib/x86_64-linux-gnu/libdl-2.24.so
7f6a17922000-7f6a17923000 rw-p 00003000 08:01 393323                     /lib/x86_64-linux-gnu/libdl-2.24.so
7f6a17923000-7f6a17930000 r-xp 00000000 08:01 670213                     /usr/lib/jvm/java-8-openjdk-amd64/jre/lib/amd64/jli/libjli.so
7f6a17930000-7f6a17b2f000 ---p 0000d000 08:01 670213                     /usr/lib/jvm/java-8-openjdk-amd64/jre/lib/amd64/jli/libjli.so
7f6a17b2f000-7f6a17b30000 r--p 0000c000 08:01 670213                     /usr/lib/jvm/java-8-openjdk-amd64/jre/lib/amd64/jli/libjli.so
7f6a17b30000-7f6a17b31000 rw-p 0000d000 08:01 670213                     /usr/lib/jvm/java-8-openjdk-amd64/jre/lib/amd64/jli/libjli.so
7f6a17b31000-7f6a17b4a000 r-xp 00000000 08:01 393606                     /lib/x86_64-linux-gnu/libz.so.1.2.8
7f6a17b4a000-7f6a17d49000 ---p 00019000 08:01 393606                     /lib/x86_64-linux-gnu/libz.so.1.2.8
7f6a17d49000-7f6a17d4a000 r--p 00018000 08:01 393606                     /lib/x86_64-linux-gnu/libz.so.1.2.8
7f6a17d4a000-7f6a17d4b000 rw-p 00019000 08:01 393606                     /lib/x86_64-linux-gnu/libz.so.1.2.8
7f6a17d4b000-7f6a17d63000 r-xp 00000000 08:01 393711                     /lib/x86_64-linux-gnu/libpthread-2.24.so
7f6a17d63000-7f6a17f62000 ---p 00018000 08:01 393711                     /lib/x86_64-linux-gnu/libpthread-2.24.so
7f6a17f62000-7f6a17f63000 r--p 00017000 08:01 393711                     /lib/x86_64-linux-gnu/libpthread-2.24.so
7f6a17f63000-7f6a17f64000 rw-p 00018000 08:01 393711                     /lib/x86_64-linux-gnu/libpthread-2.24.so
7f6a17f64000-7f6a17f68000 rw-p 00000000 00:00 0 
7f6a17f68000-7f6a17f8b000 r-xp 00000000 08:01 393316                     /lib/x86_64-linux-gnu/ld-2.24.so
7f6a18077000-7f6a1807f000 rw-s 00000000 08:01 1049097                    /tmp/hsperfdata_root/31293
7f6a1807f000-7f6a18080000 ---p 00000000 00:00 0 
7f6a18080000-7f6a18083000 ---p 00000000 00:00 0 
7f6a18083000-7f6a18184000 rw-p 00000000 00:00 0 
7f6a18189000-7f6a1818a000 rw-p 00000000 00:00 0 
7f6a1818a000-7f6a1818b000 r--p 00000000 00:00 0 
7f6a1818b000-7f6a1818c000 r--p 00023000 08:01 393316                     /lib/x86_64-linux-gnu/ld-2.24.so
7f6a1818c000-7f6a1818d000 rw-p 00024000 08:01 393316                     /lib/x86_64-linux-gnu/ld-2.24.so
7f6a1818d000-7f6a1818e000 rw-p 00000000 00:00 0 
7ffd6899b000-7ffd689bc000 rw-p 00000000 00:00 0                          [stack]
7ffd689d0000-7ffd689d2000 r--p 00000000 00:00 0                          [vvar]
7ffd689d2000-7ffd689d4000 r-xp 00000000 00:00 0                          [vdso]
ffffffffff600000-ffffffffff601000 r-xp 00000000 00:00 0                  [vsyscall]

VM Arguments:
jvm_args: -Xmx12G -Xms12G 
java_command: spigot-1.14.3.jar nogui
java_class_path (initial): spigot-1.14.3.jar
Launcher Type: SUN_STANDARD

Environment Variables:
PATH=/usr/local/sbin:/usr/local/bin:/usr/sbin:/usr/bin:/sbin:/bin
USERNAME=root
SHELL=/bin/bash

Signal Handlers:
SIGSEGV: [libjvm.so+0xa7cfe0], sa_mask[0]=11111111011111111101111111111110, sa_flags=SA_RESTART|SA_SIGINFO
SIGBUS: [libjvm.so+0xa7cfe0], sa_mask[0]=11111111011111111101111111111110, sa_flags=SA_RESTART|SA_SIGINFO
SIGFPE: [libjvm.so+0x8c64a0], sa_mask[0]=11111111011111111101111111111110, sa_flags=SA_RESTART|SA_SIGINFO
SIGPIPE: [libjvm.so+0x8c64a0], sa_mask[0]=11111111011111111101111111111110, sa_flags=SA_RESTART|SA_SIGINFO
SIGXFSZ: [libjvm.so+0x8c64a0], sa_mask[0]=11111111011111111101111111111110, sa_flags=SA_RESTART|SA_SIGINFO
SIGILL: [libjvm.so+0x8c64a0], sa_mask[0]=11111111011111111101111111111110, sa_flags=SA_RESTART|SA_SIGINFO
SIGUSR1: SIG_DFL, sa_mask[0]=00000000000000000000000000000000, sa_flags=none
SIGUSR2: [libjvm.so+0x8c6350], sa_mask[0]=00000000000000000000000000000000, sa_flags=SA_RESTART|SA_SIGINFO
SIGHUP: SIG_DFL, sa_mask[0]=00000000000000000000000000000000, sa_flags=none
SIGINT: SIG_DFL, sa_mask[0]=00000000000000000000000000000000, sa_flags=none
SIGTERM: SIG_DFL, sa_mask[0]=00000000000000000000000000000000, sa_flags=none
SIGQUIT: SIG_DFL, sa_mask[0]=00000000000000000000000000000000, sa_flags=none


---------------  S Y S T E M  ---------------

OS:PRETTY_NAME="Debian GNU/Linux 9 (stretch)"
NAME="Debian GNU/Linux"
VERSION_ID="9"
VERSION="9 (stretch)"
ID=debian
HOME_URL="https://www.debian.org/"
SUPPORT_URL="https://www.debian.org/support"
BUG_REPORT_URL="https://bugs.debian.org/"

uname:Linux 4.9.0-9-amd64 #1 SMP Debian 4.9.168-1+deb9u4 (2019-07-19) x86_64
libc:glibc 2.24 NPTL 2.24 
rlimit: STACK 8192k, CORE 0k, NPROC 60088, NOFILE 1048576, AS infinity
load average:1.38 1.15 1.12

/proc/meminfo:
MemTotal:       15405004 kB
MemFree:         1436400 kB
MemAvailable:    3059092 kB
Buffers:           96136 kB
Cached:          1732884 kB
SwapCached:            0 kB
Active:         13143500 kB
Inactive:         609728 kB
Active(anon):   11924480 kB
Inactive(anon):    18252 kB
Active(file):    1219020 kB
Inactive(file):   591476 kB
Unevictable:           0 kB
Mlocked:               0 kB
SwapTotal:             0 kB
SwapFree:              0 kB
Dirty:               912 kB
Writeback:             0 kB
AnonPages:      11924212 kB
Mapped:            36736 kB
Shmem:             18524 kB
Slab:             138248 kB
SReclaimable:     123916 kB
SUnreclaim:        14332 kB
KernelStack:        2560 kB
PageTables:        26616 kB
NFS_Unstable:          0 kB
Bounce:                0 kB
WritebackTmp:          0 kB
CommitLimit:     7702500 kB
Committed_AS:   31978760 kB
VmallocTotal:   34359738367 kB
VmallocUsed:           0 kB
VmallocChunk:          0 kB
HardwareCorrupted:     0 kB
AnonHugePages:         0 kB
ShmemHugePages:        0 kB
ShmemPmdMapped:        0 kB
HugePages_Total:       0
HugePages_Free:        0
HugePages_Rsvd:        0
HugePages_Surp:        0
Hugepagesize:       2048 kB
DirectMap4k:      116724 kB
DirectMap2M:     8271872 kB
DirectMap1G:     9437184 kB

container (cgroup) information:
container_type: cgroupv1
cpu_cpuset_cpus: 0-1
cpu_memory_nodes: 0
active_processor_count: 2
cpu_quota: -1
cpu_period: 100000
cpu_shares: -1
memory_limit_in_bytes: -1
memory_and_swap_limit_in_bytes: -2
memory_soft_limit_in_bytes: -1
memory_usage_in_bytes: 14083485696
memory_max_usage_in_bytes: 0


CPU:total 2 (initial active 2) (1 cores per cpu, 2 threads per core) family 6 model 85 stepping 3, cmov, cx8, fxsr, mmx, sse, sse2, sse3, ssse3, sse4.1, sse4.2, popcnt, avx, avx2, aes, clmul, erms, rtm, 3dnowpref, lzcnt, ht, tsc, tscinvbit, bmi1, bmi2, adx

/proc/cpuinfo:
processor	: 0
vendor_id	: GenuineIntel
cpu family	: 6
model		: 85
model name	: Intel(R) Xeon(R) CPU @ 2.00GHz
stepping	: 3
microcode	: 0x1
cpu MHz		: 2000.176
cache size	: 56320 KB
physical id	: 0
siblings	: 2
core id		: 0
cpu cores	: 1
apicid		: 0
initial apicid	: 0
fpu		: yes
fpu_exception	: yes
cpuid level	: 13
wp		: yes
flags		: fpu vme de pse tsc msr pae mce cx8 apic sep mtrr pge mca cmov pat pse36 clflush mmx fxsr sse sse2 ss ht syscall nx pdpe1gb rdtscp lm constant_tsc rep_good nopl xtopology nonstop_tsc pni pclmulqdq ssse3 fma cx16 pcid sse4_1 sse4_2 x2apic movbe popcnt aes xsave avx f16c rdrand hypervisor lahf_lm abm 3dnowprefetch invpcid_single ssbd ibrs ibpb stibp kaiser fsgsbase tsc_adjust bmi1 hle avx2 smep bmi2 erms invpcid rtm mpx avx512f avx512dq rdseed adx smap clflushopt clwb avx512cd avx512bw avx512vl xsaveopt xsavec xgetbv1 xsaves arat md_clear arch_capabilities
bugs		: cpu_meltdown spectre_v1 spectre_v2 spec_store_bypass l1tf mds
bogomips	: 4000.35
clflush size	: 64
cache_alignment	: 64
address sizes	: 46 bits physical, 48 bits virtual
power management:

processor	: 1
vendor_id	: GenuineIntel
cpu family	: 6
model		: 85
model name	: Intel(R) Xeon(R) CPU @ 2.00GHz
stepping	: 3
microcode	: 0x1
cpu MHz		: 2000.176
cache size	: 56320 KB
physical id	: 0
siblings	: 2
core id		: 0
cpu cores	: 1
apicid		: 1
initial apicid	: 1
fpu		: yes
fpu_exception	: yes
cpuid level	: 13
wp		: yes
flags		: fpu vme de pse tsc msr pae mce cx8 apic sep mtrr pge mca cmov pat pse36 clflush mmx fxsr sse sse2 ss ht syscall nx pdpe1gb rdtscp lm constant_tsc rep_good nopl xtopology nonstop_tsc pni pclmulqdq ssse3 fma cx16 pcid sse4_1 sse4_2 x2apic movbe popcnt aes xsave avx f16c rdrand hypervisor lahf_lm abm 3dnowprefetch invpcid_single ssbd ibrs ibpb stibp kaiser fsgsbase tsc_adjust bmi1 hle avx2 smep bmi2 erms invpcid rtm mpx avx512f avx512dq rdseed adx smap clflushopt clwb avx512cd avx512bw avx512vl xsaveopt xsavec xgetbv1 xsaves arat md_clear arch_capabilities
bugs		: cpu_meltdown spectre_v1 spectre_v2 spec_store_bypass l1tf mds
bogomips	: 4000.35
clflush size	: 64
cache_alignment	: 64
address sizes	: 46 bits physical, 48 bits virtual
power management:



Memory: 4k page, physical 15405004k(1436400k free), swap 0k(0k free)

vm_info: OpenJDK 64-Bit Server VM (25.222-b10) for linux-amd64 JRE (1.8.0_222-8u222-b10-1~deb9u1-b10), built on Jul 19 2019 16:57:48 by "pbuilder" with gcc 6.3.0 20170516

time: Mon Aug  5 19:16:14 2019
timezone: UTC
elapsed time: 0 seconds (0d 0h 0m 0s)

