#
# There is insufficient memory for the Java Runtime Environment to continue.
# Native memory allocation (mmap) failed to map 5010620416 bytes for committing reserved memory.
# Possible reasons:
#   The system is out of physical RAM or swap space
#   The process is running with CompressedOops enabled, and the Java Heap may be blocking the growth of the native heap
# Possible solutions:
#   Reduce memory load on the system
#   Increase physical memory or swap space
#   Check if swap backing store is full
#   Decrease Java heap size (-Xmx/-Xms)
#   Decrease number of Java threads
#   Decrease Java thread stack sizes (-Xss)
#   Set larger code cache with -XX:ReservedCodeCacheSize=
# This output file may be truncated or incomplete.
#
#  Out of Memory Error (os_linux.cpp:2757), pid=31278, tid=0x00007fe09d733700
#
# JRE version:  (8.0_222-b10) (build )
# Java VM: OpenJDK 64-Bit Server VM (25.222-b10 mixed mode linux-amd64 compressed oops)
# Failed to write core dump. Core dumps have been disabled. To enable core dumping, try "ulimit -c unlimited" before starting Java again
#

---------------  T H R E A D  ---------------

Current thread (0x00007fe09400a800):  JavaThread "Unknown thread" [_thread_in_vm, id=31279, stack(0x00007fe09d634000,0x00007fe09d734000)]

Stack: [0x00007fe09d634000,0x00007fe09d734000],  sp=0x00007fe09d732660,  free space=1017k
Native frames: (J=compiled Java code, j=interpreted, Vv=VM code, C=native code)
V  [libjvm.so+0xa7c530]
V  [libjvm.so+0x4cbb3c]
V  [libjvm.so+0x8cb238]
V  [libjvm.so+0x8c253e]
V  [libjvm.so+0x940aee]
V  [libjvm.so+0x942b4d]
V  [libjvm.so+0x2b1837]
V  [libjvm.so+0x8f06b2]
V  [libjvm.so+0xa408c1]
V  [libjvm.so+0xa40b22]
V  [libjvm.so+0x61539f]
V  [libjvm.so+0xa2545c]
V  [libjvm.so+0x690801]  JNI_CreateJavaVM+0x61
C  [libjli.so+0x2e87]
C  [libjli.so+0x73ad]
C  [libpthread.so.0+0x74a4]  start_thread+0xc4


---------------  P R O C E S S  ---------------

Java Threads: ( => current thread )

Other Threads:

=>0x00007fe09400a800 (exited) JavaThread "Unknown thread" [_thread_in_vm, id=31279, stack(0x00007fe09d634000,0x00007fe09d734000)]

VM state:not at safepoint (not fully initialized)

VM Mutex/Monitor currently owned by a thread: None

heap address: 0x0000000440000000, size: 14336 MB, Compressed Oops mode: Non-zero based:0x000000043ffff000, Oop shift amount: 3
Narrow klass base: 0x0000000000000000, Narrow klass shift: 0

GC Heap History (0 events):
No events

Deoptimization events (0 events):
No events

Classes redefined (0 events):
No events

Internal exceptions (0 events):
No events

Events (0 events):
No events


Dynamic libraries:
440000000-695580000 ---p 00000000 00:00 0 
5636e6da3000-5636e6da4000 r-xp 00000000 08:01 670203                     /usr/lib/jvm/java-8-openjdk-amd64/jre/bin/java
5636e6fa3000-5636e6fa4000 r--p 00000000 08:01 670203                     /usr/lib/jvm/java-8-openjdk-amd64/jre/bin/java
5636e6fa4000-5636e6fa5000 rw-p 00001000 08:01 670203                     /usr/lib/jvm/java-8-openjdk-amd64/jre/bin/java
5636e828e000-5636e82af000 rw-p 00000000 00:00 0                          [heap]
7fe085000000-7fe085270000 rwxp 00000000 00:00 0 
7fe085270000-7fe094000000 ---p 00000000 00:00 0 
7fe094000000-7fe094031000 rw-p 00000000 00:00 0 
7fe094031000-7fe098000000 ---p 00000000 00:00 0 
7fe0980f8000-7fe099cf8000 ---p 00000000 00:00 0 
7fe099cf8000-7fe099d03000 rw-p 00000000 00:00 0 
7fe099d03000-7fe09a0b9000 ---p 00000000 00:00 0 
7fe09a0b9000-7fe09a0c1000 r-xp 00000000 08:01 670246                     /usr/lib/jvm/java-8-openjdk-amd64/jre/lib/amd64/libzip.so
7fe09a0c1000-7fe09a2c0000 ---p 00008000 08:01 670246                     /usr/lib/jvm/java-8-openjdk-amd64/jre/lib/amd64/libzip.so
7fe09a2c0000-7fe09a2c1000 r--p 00007000 08:01 670246                     /usr/lib/jvm/java-8-openjdk-amd64/jre/lib/amd64/libzip.so
7fe09a2c1000-7fe09a2c2000 rw-p 00008000 08:01 670246                     /usr/lib/jvm/java-8-openjdk-amd64/jre/lib/amd64/libzip.so
7fe09a2c2000-7fe09a2cc000 r-xp 00000000 08:01 393382                     /lib/x86_64-linux-gnu/libnss_files-2.24.so
7fe09a2cc000-7fe09a4cc000 ---p 0000a000 08:01 393382                     /lib/x86_64-linux-gnu/libnss_files-2.24.so
7fe09a4cc000-7fe09a4cd000 r--p 0000a000 08:01 393382                     /lib/x86_64-linux-gnu/libnss_files-2.24.so
7fe09a4cd000-7fe09a4ce000 rw-p 0000b000 08:01 393382                     /lib/x86_64-linux-gnu/libnss_files-2.24.so
7fe09a4ce000-7fe09a4d4000 rw-p 00000000 00:00 0 
7fe09a4d4000-7fe09a4df000 r-xp 00000000 08:01 393684                     /lib/x86_64-linux-gnu/libnss_nis-2.24.so
7fe09a4df000-7fe09a6de000 ---p 0000b000 08:01 393684                     /lib/x86_64-linux-gnu/libnss_nis-2.24.so
7fe09a6de000-7fe09a6df000 r--p 0000a000 08:01 393684                     /lib/x86_64-linux-gnu/libnss_nis-2.24.so
7fe09a6df000-7fe09a6e0000 rw-p 0000b000 08:01 393684                     /lib/x86_64-linux-gnu/libnss_nis-2.24.so
7fe09a6e0000-7fe09a6f4000 r-xp 00000000 08:01 393327                     /lib/x86_64-linux-gnu/libnsl-2.24.so
7fe09a6f4000-7fe09a8f4000 ---p 00014000 08:01 393327                     /lib/x86_64-linux-gnu/libnsl-2.24.so
7fe09a8f4000-7fe09a8f5000 r--p 00014000 08:01 393327                     /lib/x86_64-linux-gnu/libnsl-2.24.so
7fe09a8f5000-7fe09a8f6000 rw-p 00015000 08:01 393327                     /lib/x86_64-linux-gnu/libnsl-2.24.so
7fe09a8f6000-7fe09a8f8000 rw-p 00000000 00:00 0 
7fe09a8f8000-7fe09a8ff000 r-xp 00000000 08:01 393328                     /lib/x86_64-linux-gnu/libnss_compat-2.24.so
7fe09a8ff000-7fe09aafe000 ---p 00007000 08:01 393328                     /lib/x86_64-linux-gnu/libnss_compat-2.24.so
7fe09aafe000-7fe09aaff000 r--p 00006000 08:01 393328                     /lib/x86_64-linux-gnu/libnss_compat-2.24.so
7fe09aaff000-7fe09ab00000 rw-p 00007000 08:01 393328                     /lib/x86_64-linux-gnu/libnss_compat-2.24.so
7fe09ab00000-7fe09ab29000 r-xp 00000000 08:01 670227                     /usr/lib/jvm/java-8-openjdk-amd64/jre/lib/amd64/libjava.so
7fe09ab29000-7fe09ad28000 ---p 00029000 08:01 670227                     /usr/lib/jvm/java-8-openjdk-amd64/jre/lib/amd64/libjava.so
7fe09ad28000-7fe09ad29000 r--p 00028000 08:01 670227                     /usr/lib/jvm/java-8-openjdk-amd64/jre/lib/amd64/libjava.so
7fe09ad29000-7fe09ad2b000 rw-p 00029000 08:01 670227                     /usr/lib/jvm/java-8-openjdk-amd64/jre/lib/amd64/libjava.so
7fe09ad2b000-7fe09ad3a000 r-xp 00000000 08:01 670245                     /usr/lib/jvm/java-8-openjdk-amd64/jre/lib/amd64/libverify.so
7fe09ad3a000-7fe09af39000 ---p 0000f000 08:01 670245                     /usr/lib/jvm/java-8-openjdk-amd64/jre/lib/amd64/libverify.so
7fe09af39000-7fe09af3b000 r--p 0000e000 08:01 670245                     /usr/lib/jvm/java-8-openjdk-amd64/jre/lib/amd64/libverify.so
7fe09af3b000-7fe09af3c000 rw-p 00010000 08:01 670245                     /usr/lib/jvm/java-8-openjdk-amd64/jre/lib/amd64/libverify.so
7fe09af3c000-7fe09af43000 r-xp 00000000 08:01 393715                     /lib/x86_64-linux-gnu/librt-2.24.so
7fe09af43000-7fe09b142000 ---p 00007000 08:01 393715                     /lib/x86_64-linux-gnu/librt-2.24.so
7fe09b142000-7fe09b143000 r--p 00006000 08:01 393715                     /lib/x86_64-linux-gnu/librt-2.24.so
7fe09b143000-7fe09b144000 rw-p 00007000 08:01 393715                     /lib/x86_64-linux-gnu/librt-2.24.so
7fe09b144000-7fe09b15a000 r-xp 00000000 08:01 393307                     /lib/x86_64-linux-gnu/libgcc_s.so.1
7fe09b15a000-7fe09b359000 ---p 00016000 08:01 393307                     /lib/x86_64-linux-gnu/libgcc_s.so.1
7fe09b359000-7fe09b35a000 r--p 00015000 08:01 393307                     /lib/x86_64-linux-gnu/libgcc_s.so.1
7fe09b35a000-7fe09b35b000 rw-p 00016000 08:01 393307                     /lib/x86_64-linux-gnu/libgcc_s.so.1
7fe09b35b000-7fe09b45e000 r-xp 00000000 08:01 393324                     /lib/x86_64-linux-gnu/libm-2.24.so
7fe09b45e000-7fe09b65d000 ---p 00103000 08:01 393324                     /lib/x86_64-linux-gnu/libm-2.24.so
7fe09b65d000-7fe09b65e000 r--p 00102000 08:01 393324                     /lib/x86_64-linux-gnu/libm-2.24.so
7fe09b65e000-7fe09b65f000 rw-p 00103000 08:01 393324                     /lib/x86_64-linux-gnu/libm-2.24.so
7fe09b65f000-7fe09b7d1000 r-xp 00000000 08:01 135928                     /usr/lib/x86_64-linux-gnu/libstdc++.so.6.0.22
7fe09b7d1000-7fe09b9d1000 ---p 00172000 08:01 135928                     /usr/lib/x86_64-linux-gnu/libstdc++.so.6.0.22
7fe09b9d1000-7fe09b9db000 r--p 00172000 08:01 135928                     /usr/lib/x86_64-linux-gnu/libstdc++.so.6.0.22
7fe09b9db000-7fe09b9dd000 rw-p 0017c000 08:01 135928                     /usr/lib/x86_64-linux-gnu/libstdc++.so.6.0.22
7fe09b9dd000-7fe09b9e1000 rw-p 00000000 00:00 0 
7fe09b9e1000-7fe09c648000 r-xp 00000000 08:01 670248                     /usr/lib/jvm/java-8-openjdk-amd64/jre/lib/amd64/server/libjvm.so
7fe09c648000-7fe09c847000 ---p 00c67000 08:01 670248                     /usr/lib/jvm/java-8-openjdk-amd64/jre/lib/amd64/server/libjvm.so
7fe09c847000-7fe09c8db000 r--p 00c66000 08:01 670248                     /usr/lib/jvm/java-8-openjdk-amd64/jre/lib/amd64/server/libjvm.so
7fe09c8db000-7fe09c904000 rw-p 00cfa000 08:01 670248                     /usr/lib/jvm/java-8-openjdk-amd64/jre/lib/amd64/server/libjvm.so
7fe09c904000-7fe09c934000 rw-p 00000000 00:00 0 
7fe09c934000-7fe09cac9000 r-xp 00000000 08:01 393320                     /lib/x86_64-linux-gnu/libc-2.24.so
7fe09cac9000-7fe09ccc9000 ---p 00195000 08:01 393320                     /lib/x86_64-linux-gnu/libc-2.24.so
7fe09ccc9000-7fe09cccd000 r--p 00195000 08:01 393320                     /lib/x86_64-linux-gnu/libc-2.24.so
7fe09cccd000-7fe09cccf000 rw-p 00199000 08:01 393320                     /lib/x86_64-linux-gnu/libc-2.24.so
7fe09cccf000-7fe09ccd3000 rw-p 00000000 00:00 0 
7fe09ccd3000-7fe09ccd6000 r-xp 00000000 08:01 393323                     /lib/x86_64-linux-gnu/libdl-2.24.so
7fe09ccd6000-7fe09ced5000 ---p 00003000 08:01 393323                     /lib/x86_64-linux-gnu/libdl-2.24.so
7fe09ced5000-7fe09ced6000 r--p 00002000 08:01 393323                     /lib/x86_64-linux-gnu/libdl-2.24.so
7fe09ced6000-7fe09ced7000 rw-p 00003000 08:01 393323                     /lib/x86_64-linux-gnu/libdl-2.24.so
7fe09ced7000-7fe09cee4000 r-xp 00000000 08:01 670213                     /usr/lib/jvm/java-8-openjdk-amd64/jre/lib/amd64/jli/libjli.so
7fe09cee4000-7fe09d0e3000 ---p 0000d000 08:01 670213                     /usr/lib/jvm/java-8-openjdk-amd64/jre/lib/amd64/jli/libjli.so
7fe09d0e3000-7fe09d0e4000 r--p 0000c000 08:01 670213                     /usr/lib/jvm/java-8-openjdk-amd64/jre/lib/amd64/jli/libjli.so
7fe09d0e4000-7fe09d0e5000 rw-p 0000d000 08:01 670213                     /usr/lib/jvm/java-8-openjdk-amd64/jre/lib/amd64/jli/libjli.so
7fe09d0e5000-7fe09d0fe000 r-xp 00000000 08:01 393606                     /lib/x86_64-linux-gnu/libz.so.1.2.8
7fe09d0fe000-7fe09d2fd000 ---p 00019000 08:01 393606                     /lib/x86_64-linux-gnu/libz.so.1.2.8
7fe09d2fd000-7fe09d2fe000 r--p 00018000 08:01 393606                     /lib/x86_64-linux-gnu/libz.so.1.2.8
7fe09d2fe000-7fe09d2ff000 rw-p 00019000 08:01 393606                     /lib/x86_64-linux-gnu/libz.so.1.2.8
7fe09d2ff000-7fe09d317000 r-xp 00000000 08:01 393711                     /lib/x86_64-linux-gnu/libpthread-2.24.so
7fe09d317000-7fe09d516000 ---p 00018000 08:01 393711                     /lib/x86_64-linux-gnu/libpthread-2.24.so
7fe09d516000-7fe09d517000 r--p 00017000 08:01 393711                     /lib/x86_64-linux-gnu/libpthread-2.24.so
7fe09d517000-7fe09d518000 rw-p 00018000 08:01 393711                     /lib/x86_64-linux-gnu/libpthread-2.24.so
7fe09d518000-7fe09d51c000 rw-p 00000000 00:00 0 
7fe09d51c000-7fe09d53f000 r-xp 00000000 08:01 393316                     /lib/x86_64-linux-gnu/ld-2.24.so
7fe09d62b000-7fe09d633000 rw-s 00000000 08:01 1049097                    /tmp/hsperfdata_root/31278
7fe09d633000-7fe09d634000 ---p 00000000 00:00 0 
7fe09d634000-7fe09d637000 ---p 00000000 00:00 0 
7fe09d637000-7fe09d738000 rw-p 00000000 00:00 0 
7fe09d73d000-7fe09d73e000 rw-p 00000000 00:00 0 
7fe09d73e000-7fe09d73f000 r--p 00000000 00:00 0 
7fe09d73f000-7fe09d740000 r--p 00023000 08:01 393316                     /lib/x86_64-linux-gnu/ld-2.24.so
7fe09d740000-7fe09d741000 rw-p 00024000 08:01 393316                     /lib/x86_64-linux-gnu/ld-2.24.so
7fe09d741000-7fe09d742000 rw-p 00000000 00:00 0 
7ffd7dadb000-7ffd7dafc000 rw-p 00000000 00:00 0                          [stack]
7ffd7db83000-7ffd7db85000 r--p 00000000 00:00 0                          [vvar]
7ffd7db85000-7ffd7db87000 r-xp 00000000 00:00 0                          [vdso]
ffffffffff600000-ffffffffff601000 r-xp 00000000 00:00 0                  [vsyscall]

VM Arguments:
jvm_args: -Xmx14G -Xms14G 
java_command: spigot-1.14.3.jar nogui
java_class_path (initial): spigot-1.14.3.jar
Launcher Type: SUN_STANDARD

Environment Variables:
PATH=/usr/local/sbin:/usr/local/bin:/usr/sbin:/usr/bin:/sbin:/bin
USERNAME=root
SHELL=/bin/bash

Signal Handlers:
SIGSEGV: [libjvm.so+0xa7cfe0], sa_mask[0]=11111111011111111101111111111110, sa_flags=SA_RESTART|SA_SIGINFO
SIGBUS: [libjvm.so+0xa7cfe0], sa_mask[0]=11111111011111111101111111111110, sa_flags=SA_RESTART|SA_SIGINFO
SIGFPE: [libjvm.so+0x8c64a0], sa_mask[0]=11111111011111111101111111111110, sa_flags=SA_RESTART|SA_SIGINFO
SIGPIPE: [libjvm.so+0x8c64a0], sa_mask[0]=11111111011111111101111111111110, sa_flags=SA_RESTART|SA_SIGINFO
SIGXFSZ: [libjvm.so+0x8c64a0], sa_mask[0]=11111111011111111101111111111110, sa_flags=SA_RESTART|SA_SIGINFO
SIGILL: [libjvm.so+0x8c64a0], sa_mask[0]=11111111011111111101111111111110, sa_flags=SA_RESTART|SA_SIGINFO
SIGUSR1: SIG_DFL, sa_mask[0]=00000000000000000000000000000000, sa_flags=none
SIGUSR2: [libjvm.so+0x8c6350], sa_mask[0]=00000000000000000000000000000000, sa_flags=SA_RESTART|SA_SIGINFO
SIGHUP: SIG_DFL, sa_mask[0]=00000000000000000000000000000000, sa_flags=none
SIGINT: SIG_DFL, sa_mask[0]=00000000000000000000000000000000, sa_flags=none
SIGTERM: SIG_DFL, sa_mask[0]=00000000000000000000000000000000, sa_flags=none
SIGQUIT: SIG_DFL, sa_mask[0]=00000000000000000000000000000000, sa_flags=none


---------------  S Y S T E M  ---------------

OS:PRETTY_NAME="Debian GNU/Linux 9 (stretch)"
NAME="Debian GNU/Linux"
VERSION_ID="9"
VERSION="9 (stretch)"
ID=debian
HOME_URL="https://www.debian.org/"
SUPPORT_URL="https://www.debian.org/support"
BUG_REPORT_URL="https://bugs.debian.org/"

uname:Linux 4.9.0-9-amd64 #1 SMP Debian 4.9.168-1+deb9u4 (2019-07-19) x86_64
libc:glibc 2.24 NPTL 2.24 
rlimit: STACK 8192k, CORE 0k, NPROC 60088, NOFILE 1048576, AS infinity
load average:1.42 1.14 1.12

/proc/meminfo:
MemTotal:       15405004 kB
MemFree:         1452468 kB
MemAvailable:    3075140 kB
Buffers:           96136 kB
Cached:          1732864 kB
SwapCached:            0 kB
Active:         13127084 kB
Inactive:         609728 kB
Active(anon):   11908084 kB
Inactive(anon):    18252 kB
Active(file):    1219000 kB
Inactive(file):   591476 kB
Unevictable:           0 kB
Mlocked:               0 kB
SwapTotal:             0 kB
SwapFree:              0 kB
Dirty:              1196 kB
Writeback:             0 kB
AnonPages:      11907860 kB
Mapped:            36736 kB
Shmem:             18524 kB
Slab:             138120 kB
SReclaimable:     123916 kB
SUnreclaim:        14204 kB
KernelStack:        2560 kB
PageTables:        26736 kB
NFS_Unstable:          0 kB
Bounce:                0 kB
WritebackTmp:          0 kB
CommitLimit:     7702500 kB
Committed_AS:   32012556 kB
VmallocTotal:   34359738367 kB
VmallocUsed:           0 kB
VmallocChunk:          0 kB
HardwareCorrupted:     0 kB
AnonHugePages:         0 kB
ShmemHugePages:        0 kB
ShmemPmdMapped:        0 kB
HugePages_Total:       0
HugePages_Free:        0
HugePages_Rsvd:        0
HugePages_Surp:        0
Hugepagesize:       2048 kB
DirectMap4k:      116724 kB
DirectMap2M:     8271872 kB
DirectMap1G:     9437184 kB

container (cgroup) information:
container_type: cgroupv1
cpu_cpuset_cpus: 0-1
cpu_memory_nodes: 0
active_processor_count: 2
cpu_quota: -1
cpu_period: 100000
cpu_shares: -1
memory_limit_in_bytes: -1
memory_and_swap_limit_in_bytes: -2
memory_soft_limit_in_bytes: -1
memory_usage_in_bytes: 14066728960
memory_max_usage_in_bytes: 0


CPU:total 2 (initial active 2) (1 cores per cpu, 2 threads per core) family 6 model 85 stepping 3, cmov, cx8, fxsr, mmx, sse, sse2, sse3, ssse3, sse4.1, sse4.2, popcnt, avx, avx2, aes, clmul, erms, rtm, 3dnowpref, lzcnt, ht, tsc, tscinvbit, bmi1, bmi2, adx

/proc/cpuinfo:
processor	: 0
vendor_id	: GenuineIntel
cpu family	: 6
model		: 85
model name	: Intel(R) Xeon(R) CPU @ 2.00GHz
stepping	: 3
microcode	: 0x1
cpu MHz		: 2000.176
cache size	: 56320 KB
physical id	: 0
siblings	: 2
core id		: 0
cpu cores	: 1
apicid		: 0
initial apicid	: 0
fpu		: yes
fpu_exception	: yes
cpuid level	: 13
wp		: yes
flags		: fpu vme de pse tsc msr pae mce cx8 apic sep mtrr pge mca cmov pat pse36 clflush mmx fxsr sse sse2 ss ht syscall nx pdpe1gb rdtscp lm constant_tsc rep_good nopl xtopology nonstop_tsc pni pclmulqdq ssse3 fma cx16 pcid sse4_1 sse4_2 x2apic movbe popcnt aes xsave avx f16c rdrand hypervisor lahf_lm abm 3dnowprefetch invpcid_single ssbd ibrs ibpb stibp kaiser fsgsbase tsc_adjust bmi1 hle avx2 smep bmi2 erms invpcid rtm mpx avx512f avx512dq rdseed adx smap clflushopt clwb avx512cd avx512bw avx512vl xsaveopt xsavec xgetbv1 xsaves arat md_clear arch_capabilities
bugs		: cpu_meltdown spectre_v1 spectre_v2 spec_store_bypass l1tf mds
bogomips	: 4000.35
clflush size	: 64
cache_alignment	: 64
address sizes	: 46 bits physical, 48 bits virtual
power management:

processor	: 1
vendor_id	: GenuineIntel
cpu family	: 6
model		: 85
model name	: Intel(R) Xeon(R) CPU @ 2.00GHz
stepping	: 3
microcode	: 0x1
cpu MHz		: 2000.176
cache size	: 56320 KB
physical id	: 0
siblings	: 2
core id		: 0
cpu cores	: 1
apicid		: 1
initial apicid	: 1
fpu		: yes
fpu_exception	: yes
cpuid level	: 13
wp		: yes
flags		: fpu vme de pse tsc msr pae mce cx8 apic sep mtrr pge mca cmov pat pse36 clflush mmx fxsr sse sse2 ss ht syscall nx pdpe1gb rdtscp lm constant_tsc rep_good nopl xtopology nonstop_tsc pni pclmulqdq ssse3 fma cx16 pcid sse4_1 sse4_2 x2apic movbe popcnt aes xsave avx f16c rdrand hypervisor lahf_lm abm 3dnowprefetch invpcid_single ssbd ibrs ibpb stibp kaiser fsgsbase tsc_adjust bmi1 hle avx2 smep bmi2 erms invpcid rtm mpx avx512f avx512dq rdseed adx smap clflushopt clwb avx512cd avx512bw avx512vl xsaveopt xsavec xgetbv1 xsaves arat md_clear arch_capabilities
bugs		: cpu_meltdown spectre_v1 spectre_v2 spec_store_bypass l1tf mds
bogomips	: 4000.35
clflush size	: 64
cache_alignment	: 64
address sizes	: 46 bits physical, 48 bits virtual
power management:



Memory: 4k page, physical 15405004k(1452468k free), swap 0k(0k free)

vm_info: OpenJDK 64-Bit Server VM (25.222-b10) for linux-amd64 JRE (1.8.0_222-8u222-b10-1~deb9u1-b10), built on Jul 19 2019 16:57:48 by "pbuilder" with gcc 6.3.0 20170516

time: Mon Aug  5 19:15:54 2019
timezone: UTC
elapsed time: 0 seconds (0d 0h 0m 0s)

