#
# There is insufficient memory for the Java Runtime Environment to continue.
# Native memory allocation (mmap) failed to map 10021765120 bytes for committing reserved memory.
# Possible reasons:
#   The system is out of physical RAM or swap space
#   The process is running with CompressedOops enabled, and the Java Heap may be blocking the growth of the native heap
# Possible solutions:
#   Reduce memory load on the system
#   Increase physical memory or swap space
#   Check if swap backing store is full
#   Decrease Java heap size (-Xmx/-Xms)
#   Decrease number of Java threads
#   Decrease Java thread stack sizes (-Xss)
#   Set larger code cache with -XX:ReservedCodeCacheSize=
# This output file may be truncated or incomplete.
#
#  Out of Memory Error (os_linux.cpp:2757), pid=1395, tid=0x00007f8d0e72b700
#
# JRE version:  (8.0_222-b10) (build )
# Java VM: OpenJDK 64-Bit Server VM (25.222-b10 mixed mode linux-amd64 compressed oops)
# Failed to write core dump. Core dumps have been disabled. To enable core dumping, try "ulimit -c unlimited" before starting Java again
#

---------------  T H R E A D  ---------------

Current thread (0x00007f8d0800a800):  JavaThread "Unknown thread" [_thread_in_vm, id=1396, stack(0x00007f8d0e62c000,0x00007f8d0e72c000)]

Stack: [0x00007f8d0e62c000,0x00007f8d0e72c000],  sp=0x00007f8d0e72a650,  free space=1017k
Native frames: (J=compiled Java code, j=interpreted, Vv=VM code, C=native code)
V  [libjvm.so+0xa7c530]
V  [libjvm.so+0x4cbb3c]
V  [libjvm.so+0x8cb238]
V  [libjvm.so+0x8c253e]
V  [libjvm.so+0x940aee]
V  [libjvm.so+0x9315a3]
V  [libjvm.so+0x2b1871]
V  [libjvm.so+0x8f06b2]
V  [libjvm.so+0xa408c1]
V  [libjvm.so+0xa40b22]
V  [libjvm.so+0x61539f]
V  [libjvm.so+0xa2545c]
V  [libjvm.so+0x690801]  JNI_CreateJavaVM+0x61
C  [libjli.so+0x2e87]
C  [libjli.so+0x73ad]
C  [libpthread.so.0+0x74a4]  start_thread+0xc4


---------------  P R O C E S S  ---------------

Java Threads: ( => current thread )

Other Threads:

=>0x00007f8d0800a800 (exited) JavaThread "Unknown thread" [_thread_in_vm, id=1396, stack(0x00007f8d0e62c000,0x00007f8d0e72c000)]

VM state:not at safepoint (not fully initialized)

VM Mutex/Monitor currently owned by a thread: None

heap address: 0x0000000440000000, size: 14336 MB, Compressed Oops mode: Non-zero based:0x000000043ffff000, Oop shift amount: 3
Narrow klass base: 0x0000000000000000, Narrow klass shift: 0

GC Heap History (0 events):
No events

Deoptimization events (0 events):
No events

Classes redefined (0 events):
No events

Internal exceptions (0 events):
No events

Events (0 events):
No events


Dynamic libraries:
695580000-7c0000000 rw-p 00000000 00:00 0 
556cfd4bb000-556cfd4bc000 r-xp 00000000 08:01 670203                     /usr/lib/jvm/java-8-openjdk-amd64/jre/bin/java
556cfd6bb000-556cfd6bc000 r--p 00000000 08:01 670203                     /usr/lib/jvm/java-8-openjdk-amd64/jre/bin/java
556cfd6bc000-556cfd6bd000 rw-p 00001000 08:01 670203                     /usr/lib/jvm/java-8-openjdk-amd64/jre/bin/java
556cff076000-556cff097000 rw-p 00000000 00:00 0                          [heap]
7f8cf5fb4000-7f8cf725e000 ---p 00000000 00:00 0 
7f8cf725e000-7f8cf7bbf000 rw-p 00000000 00:00 0 
7f8cf7bbf000-7f8cf7f75000 ---p 00000000 00:00 0 
7f8cf7f75000-7f8cf81e5000 rwxp 00000000 00:00 0 
7f8cf81e5000-7f8d06f75000 ---p 00000000 00:00 0 
7f8d06f75000-7f8d06f7d000 r-xp 00000000 08:01 670246                     /usr/lib/jvm/java-8-openjdk-amd64/jre/lib/amd64/libzip.so
7f8d06f7d000-7f8d0717c000 ---p 00008000 08:01 670246                     /usr/lib/jvm/java-8-openjdk-amd64/jre/lib/amd64/libzip.so
7f8d0717c000-7f8d0717d000 r--p 00007000 08:01 670246                     /usr/lib/jvm/java-8-openjdk-amd64/jre/lib/amd64/libzip.so
7f8d0717d000-7f8d0717e000 rw-p 00008000 08:01 670246                     /usr/lib/jvm/java-8-openjdk-amd64/jre/lib/amd64/libzip.so
7f8d0717e000-7f8d07188000 r-xp 00000000 08:01 393382                     /lib/x86_64-linux-gnu/libnss_files-2.24.so
7f8d07188000-7f8d07388000 ---p 0000a000 08:01 393382                     /lib/x86_64-linux-gnu/libnss_files-2.24.so
7f8d07388000-7f8d07389000 r--p 0000a000 08:01 393382                     /lib/x86_64-linux-gnu/libnss_files-2.24.so
7f8d07389000-7f8d0738a000 rw-p 0000b000 08:01 393382                     /lib/x86_64-linux-gnu/libnss_files-2.24.so
7f8d0738a000-7f8d07390000 rw-p 00000000 00:00 0 
7f8d07390000-7f8d0739b000 r-xp 00000000 08:01 393684                     /lib/x86_64-linux-gnu/libnss_nis-2.24.so
7f8d0739b000-7f8d0759a000 ---p 0000b000 08:01 393684                     /lib/x86_64-linux-gnu/libnss_nis-2.24.so
7f8d0759a000-7f8d0759b000 r--p 0000a000 08:01 393684                     /lib/x86_64-linux-gnu/libnss_nis-2.24.so
7f8d0759b000-7f8d0759c000 rw-p 0000b000 08:01 393684                     /lib/x86_64-linux-gnu/libnss_nis-2.24.so
7f8d0759c000-7f8d075b0000 r-xp 00000000 08:01 393327                     /lib/x86_64-linux-gnu/libnsl-2.24.so
7f8d075b0000-7f8d077b0000 ---p 00014000 08:01 393327                     /lib/x86_64-linux-gnu/libnsl-2.24.so
7f8d077b0000-7f8d077b1000 r--p 00014000 08:01 393327                     /lib/x86_64-linux-gnu/libnsl-2.24.so
7f8d077b1000-7f8d077b2000 rw-p 00015000 08:01 393327                     /lib/x86_64-linux-gnu/libnsl-2.24.so
7f8d077b2000-7f8d077b4000 rw-p 00000000 00:00 0 
7f8d077b4000-7f8d077bb000 r-xp 00000000 08:01 393328                     /lib/x86_64-linux-gnu/libnss_compat-2.24.so
7f8d077bb000-7f8d079ba000 ---p 00007000 08:01 393328                     /lib/x86_64-linux-gnu/libnss_compat-2.24.so
7f8d079ba000-7f8d079bb000 r--p 00006000 08:01 393328                     /lib/x86_64-linux-gnu/libnss_compat-2.24.so
7f8d079bb000-7f8d079bc000 rw-p 00007000 08:01 393328                     /lib/x86_64-linux-gnu/libnss_compat-2.24.so
7f8d079bc000-7f8d079e5000 r-xp 00000000 08:01 670227                     /usr/lib/jvm/java-8-openjdk-amd64/jre/lib/amd64/libjava.so
7f8d079e5000-7f8d07be4000 ---p 00029000 08:01 670227                     /usr/lib/jvm/java-8-openjdk-amd64/jre/lib/amd64/libjava.so
7f8d07be4000-7f8d07be5000 r--p 00028000 08:01 670227                     /usr/lib/jvm/java-8-openjdk-amd64/jre/lib/amd64/libjava.so
7f8d07be5000-7f8d07be7000 rw-p 00029000 08:01 670227                     /usr/lib/jvm/java-8-openjdk-amd64/jre/lib/amd64/libjava.so
7f8d07be7000-7f8d07bf6000 r-xp 00000000 08:01 670245                     /usr/lib/jvm/java-8-openjdk-amd64/jre/lib/amd64/libverify.so
7f8d07bf6000-7f8d07df5000 ---p 0000f000 08:01 670245                     /usr/lib/jvm/java-8-openjdk-amd64/jre/lib/amd64/libverify.so
7f8d07df5000-7f8d07df7000 r--p 0000e000 08:01 670245                     /usr/lib/jvm/java-8-openjdk-amd64/jre/lib/amd64/libverify.so
7f8d07df7000-7f8d07df8000 rw-p 00010000 08:01 670245                     /usr/lib/jvm/java-8-openjdk-amd64/jre/lib/amd64/libverify.so
7f8d07df8000-7f8d07dff000 r-xp 00000000 08:01 393715                     /lib/x86_64-linux-gnu/librt-2.24.so
7f8d07dff000-7f8d07ffe000 ---p 00007000 08:01 393715                     /lib/x86_64-linux-gnu/librt-2.24.so
7f8d07ffe000-7f8d07fff000 r--p 00006000 08:01 393715                     /lib/x86_64-linux-gnu/librt-2.24.so
7f8d07fff000-7f8d08000000 rw-p 00007000 08:01 393715                     /lib/x86_64-linux-gnu/librt-2.24.so
7f8d08000000-7f8d08032000 rw-p 00000000 00:00 0 
7f8d08032000-7f8d0c000000 ---p 00000000 00:00 0 
7f8d0c13c000-7f8d0c152000 r-xp 00000000 08:01 393307                     /lib/x86_64-linux-gnu/libgcc_s.so.1
7f8d0c152000-7f8d0c351000 ---p 00016000 08:01 393307                     /lib/x86_64-linux-gnu/libgcc_s.so.1
7f8d0c351000-7f8d0c352000 r--p 00015000 08:01 393307                     /lib/x86_64-linux-gnu/libgcc_s.so.1
7f8d0c352000-7f8d0c353000 rw-p 00016000 08:01 393307                     /lib/x86_64-linux-gnu/libgcc_s.so.1
7f8d0c353000-7f8d0c456000 r-xp 00000000 08:01 393324                     /lib/x86_64-linux-gnu/libm-2.24.so
7f8d0c456000-7f8d0c655000 ---p 00103000 08:01 393324                     /lib/x86_64-linux-gnu/libm-2.24.so
7f8d0c655000-7f8d0c656000 r--p 00102000 08:01 393324                     /lib/x86_64-linux-gnu/libm-2.24.so
7f8d0c656000-7f8d0c657000 rw-p 00103000 08:01 393324                     /lib/x86_64-linux-gnu/libm-2.24.so
7f8d0c657000-7f8d0c7c9000 r-xp 00000000 08:01 135928                     /usr/lib/x86_64-linux-gnu/libstdc++.so.6.0.22
7f8d0c7c9000-7f8d0c9c9000 ---p 00172000 08:01 135928                     /usr/lib/x86_64-linux-gnu/libstdc++.so.6.0.22
7f8d0c9c9000-7f8d0c9d3000 r--p 00172000 08:01 135928                     /usr/lib/x86_64-linux-gnu/libstdc++.so.6.0.22
7f8d0c9d3000-7f8d0c9d5000 rw-p 0017c000 08:01 135928                     /usr/lib/x86_64-linux-gnu/libstdc++.so.6.0.22
7f8d0c9d5000-7f8d0c9d9000 rw-p 00000000 00:00 0 
7f8d0c9d9000-7f8d0d640000 r-xp 00000000 08:01 670248                     /usr/lib/jvm/java-8-openjdk-amd64/jre/lib/amd64/server/libjvm.so
7f8d0d640000-7f8d0d83f000 ---p 00c67000 08:01 670248                     /usr/lib/jvm/java-8-openjdk-amd64/jre/lib/amd64/server/libjvm.so
7f8d0d83f000-7f8d0d8d3000 r--p 00c66000 08:01 670248                     /usr/lib/jvm/java-8-openjdk-amd64/jre/lib/amd64/server/libjvm.so
7f8d0d8d3000-7f8d0d8fc000 rw-p 00cfa000 08:01 670248                     /usr/lib/jvm/java-8-openjdk-amd64/jre/lib/amd64/server/libjvm.so
7f8d0d8fc000-7f8d0d92c000 rw-p 00000000 00:00 0 
7f8d0d92c000-7f8d0dac1000 r-xp 00000000 08:01 393320                     /lib/x86_64-linux-gnu/libc-2.24.so
7f8d0dac1000-7f8d0dcc1000 ---p 00195000 08:01 393320                     /lib/x86_64-linux-gnu/libc-2.24.so
7f8d0dcc1000-7f8d0dcc5000 r--p 00195000 08:01 393320                     /lib/x86_64-linux-gnu/libc-2.24.so
7f8d0dcc5000-7f8d0dcc7000 rw-p 00199000 08:01 393320                     /lib/x86_64-linux-gnu/libc-2.24.so
7f8d0dcc7000-7f8d0dccb000 rw-p 00000000 00:00 0 
7f8d0dccb000-7f8d0dcce000 r-xp 00000000 08:01 393323                     /lib/x86_64-linux-gnu/libdl-2.24.so
7f8d0dcce000-7f8d0decd000 ---p 00003000 08:01 393323                     /lib/x86_64-linux-gnu/libdl-2.24.so
7f8d0decd000-7f8d0dece000 r--p 00002000 08:01 393323                     /lib/x86_64-linux-gnu/libdl-2.24.so
7f8d0dece000-7f8d0decf000 rw-p 00003000 08:01 393323                     /lib/x86_64-linux-gnu/libdl-2.24.so
7f8d0decf000-7f8d0dedc000 r-xp 00000000 08:01 670213                     /usr/lib/jvm/java-8-openjdk-amd64/jre/lib/amd64/jli/libjli.so
7f8d0dedc000-7f8d0e0db000 ---p 0000d000 08:01 670213                     /usr/lib/jvm/java-8-openjdk-amd64/jre/lib/amd64/jli/libjli.so
7f8d0e0db000-7f8d0e0dc000 r--p 0000c000 08:01 670213                     /usr/lib/jvm/java-8-openjdk-amd64/jre/lib/amd64/jli/libjli.so
7f8d0e0dc000-7f8d0e0dd000 rw-p 0000d000 08:01 670213                     /usr/lib/jvm/java-8-openjdk-amd64/jre/lib/amd64/jli/libjli.so
7f8d0e0dd000-7f8d0e0f6000 r-xp 00000000 08:01 393606                     /lib/x86_64-linux-gnu/libz.so.1.2.8
7f8d0e0f6000-7f8d0e2f5000 ---p 00019000 08:01 393606                     /lib/x86_64-linux-gnu/libz.so.1.2.8
7f8d0e2f5000-7f8d0e2f6000 r--p 00018000 08:01 393606                     /lib/x86_64-linux-gnu/libz.so.1.2.8
7f8d0e2f6000-7f8d0e2f7000 rw-p 00019000 08:01 393606                     /lib/x86_64-linux-gnu/libz.so.1.2.8
7f8d0e2f7000-7f8d0e30f000 r-xp 00000000 08:01 393711                     /lib/x86_64-linux-gnu/libpthread-2.24.so
7f8d0e30f000-7f8d0e50e000 ---p 00018000 08:01 393711                     /lib/x86_64-linux-gnu/libpthread-2.24.so
7f8d0e50e000-7f8d0e50f000 r--p 00017000 08:01 393711                     /lib/x86_64-linux-gnu/libpthread-2.24.so
7f8d0e50f000-7f8d0e510000 rw-p 00018000 08:01 393711                     /lib/x86_64-linux-gnu/libpthread-2.24.so
7f8d0e510000-7f8d0e514000 rw-p 00000000 00:00 0 
7f8d0e514000-7f8d0e537000 r-xp 00000000 08:01 393316                     /lib/x86_64-linux-gnu/ld-2.24.so
7f8d0e623000-7f8d0e62b000 rw-s 00000000 08:01 525939                     /tmp/hsperfdata_root/1395
7f8d0e62b000-7f8d0e62c000 ---p 00000000 00:00 0 
7f8d0e62c000-7f8d0e62f000 ---p 00000000 00:00 0 
7f8d0e62f000-7f8d0e730000 rw-p 00000000 00:00 0 
7f8d0e735000-7f8d0e736000 rw-p 00000000 00:00 0 
7f8d0e736000-7f8d0e737000 r--p 00000000 00:00 0 
7f8d0e737000-7f8d0e738000 r--p 00023000 08:01 393316                     /lib/x86_64-linux-gnu/ld-2.24.so
7f8d0e738000-7f8d0e739000 rw-p 00024000 08:01 393316                     /lib/x86_64-linux-gnu/ld-2.24.so
7f8d0e739000-7f8d0e73a000 rw-p 00000000 00:00 0 
7ffca76c4000-7ffca76e5000 rw-p 00000000 00:00 0                          [stack]
7ffca77ea000-7ffca77ec000 r--p 00000000 00:00 0                          [vvar]
7ffca77ec000-7ffca77ee000 r-xp 00000000 00:00 0                          [vdso]
ffffffffff600000-ffffffffff601000 r-xp 00000000 00:00 0                  [vsyscall]

VM Arguments:
jvm_args: -Xmx14G -Xms14G 
java_command: spigot-1.14.3.jar nogui
java_class_path (initial): spigot-1.14.3.jar
Launcher Type: SUN_STANDARD

Environment Variables:
PATH=/usr/local/sbin:/usr/local/bin:/usr/sbin:/usr/bin:/sbin:/bin
USERNAME=root
SHELL=/bin/bash

Signal Handlers:
SIGSEGV: [libjvm.so+0xa7cfe0], sa_mask[0]=11111111011111111101111111111110, sa_flags=SA_RESTART|SA_SIGINFO
SIGBUS: [libjvm.so+0xa7cfe0], sa_mask[0]=11111111011111111101111111111110, sa_flags=SA_RESTART|SA_SIGINFO
SIGFPE: [libjvm.so+0x8c64a0], sa_mask[0]=11111111011111111101111111111110, sa_flags=SA_RESTART|SA_SIGINFO
SIGPIPE: [libjvm.so+0x8c64a0], sa_mask[0]=11111111011111111101111111111110, sa_flags=SA_RESTART|SA_SIGINFO
SIGXFSZ: [libjvm.so+0x8c64a0], sa_mask[0]=11111111011111111101111111111110, sa_flags=SA_RESTART|SA_SIGINFO
SIGILL: [libjvm.so+0x8c64a0], sa_mask[0]=11111111011111111101111111111110, sa_flags=SA_RESTART|SA_SIGINFO
SIGUSR1: SIG_DFL, sa_mask[0]=00000000000000000000000000000000, sa_flags=none
SIGUSR2: [libjvm.so+0x8c6350], sa_mask[0]=00000000000000000000000000000000, sa_flags=SA_RESTART|SA_SIGINFO
SIGHUP: SIG_DFL, sa_mask[0]=00000000000000000000000000000000, sa_flags=none
SIGINT: SIG_DFL, sa_mask[0]=00000000000000000000000000000000, sa_flags=none
SIGTERM: SIG_DFL, sa_mask[0]=00000000000000000000000000000000, sa_flags=none
SIGQUIT: SIG_DFL, sa_mask[0]=00000000000000000000000000000000, sa_flags=none


---------------  S Y S T E M  ---------------

OS:PRETTY_NAME="Debian GNU/Linux 9 (stretch)"
NAME="Debian GNU/Linux"
VERSION_ID="9"
VERSION="9 (stretch)"
ID=debian
HOME_URL="https://www.debian.org/"
SUPPORT_URL="https://www.debian.org/support"
BUG_REPORT_URL="https://bugs.debian.org/"

uname:Linux 4.9.0-9-amd64 #1 SMP Debian 4.9.168-1+deb9u4 (2019-07-19) x86_64
libc:glibc 2.24 NPTL 2.24 
rlimit: STACK 8192k, CORE 0k, NPROC 60087, NOFILE 1048576, AS infinity
load average:1.06 0.83 0.51

/proc/meminfo:
MemTotal:       15404724 kB
MemFree:         9356652 kB
MemAvailable:    9311556 kB
Buffers:           13644 kB
Cached:           194040 kB
SwapCached:            0 kB
Active:          5825436 kB
Inactive:         116340 kB
Active(anon):    5734260 kB
Inactive(anon):    10232 kB
Active(file):      91176 kB
Inactive(file):   106108 kB
Unevictable:           0 kB
Mlocked:               0 kB
SwapTotal:             0 kB
SwapFree:              0 kB
Dirty:               436 kB
Writeback:             0 kB
AnonPages:       5734104 kB
Mapped:            41460 kB
Shmem:             10388 kB
Slab:              27560 kB
SReclaimable:      14756 kB
SUnreclaim:        12804 kB
KernelStack:        2112 kB
PageTables:        14148 kB
NFS_Unstable:          0 kB
Bounce:                0 kB
WritebackTmp:          0 kB
CommitLimit:     7702360 kB
Committed_AS:   20585776 kB
VmallocTotal:   34359738367 kB
VmallocUsed:           0 kB
VmallocChunk:          0 kB
HardwareCorrupted:     0 kB
AnonHugePages:         0 kB
ShmemHugePages:        0 kB
ShmemPmdMapped:        0 kB
HugePages_Total:       0
HugePages_Free:        0
HugePages_Rsvd:        0
HugePages_Surp:        0
Hugepagesize:       2048 kB
DirectMap4k:       51188 kB
DirectMap2M:     4143104 kB
DirectMap1G:    13631488 kB

container (cgroup) information:
container_type: cgroupv1
cpu_cpuset_cpus: 0-3
cpu_memory_nodes: 0
active_processor_count: 4
cpu_quota: -1
cpu_period: 100000
cpu_shares: -1
memory_limit_in_bytes: -1
memory_and_swap_limit_in_bytes: -2
memory_soft_limit_in_bytes: -1
memory_usage_in_bytes: 6084714496
memory_max_usage_in_bytes: 0


CPU:total 4 (initial active 4) (2 cores per cpu, 2 threads per core) family 6 model 85 stepping 3, cmov, cx8, fxsr, mmx, sse, sse2, sse3, ssse3, sse4.1, sse4.2, popcnt, avx, avx2, aes, clmul, erms, rtm, 3dnowpref, lzcnt, ht, tsc, tscinvbit, bmi1, bmi2, adx

/proc/cpuinfo:
processor	: 0
vendor_id	: GenuineIntel
cpu family	: 6
model		: 85
model name	: Intel(R) Xeon(R) CPU @ 2.00GHz
stepping	: 3
microcode	: 0x1
cpu MHz		: 2000.166
cache size	: 56320 KB
physical id	: 0
siblings	: 4
core id		: 0
cpu cores	: 2
apicid		: 0
initial apicid	: 0
fpu		: yes
fpu_exception	: yes
cpuid level	: 13
wp		: yes
flags		: fpu vme de pse tsc msr pae mce cx8 apic sep mtrr pge mca cmov pat pse36 clflush mmx fxsr sse sse2 ss ht syscall nx pdpe1gb rdtscp lm constant_tsc rep_good nopl xtopology nonstop_tsc pni pclmulqdq ssse3 fma cx16 pcid sse4_1 sse4_2 x2apic movbe popcnt aes xsave avx f16c rdrand hypervisor lahf_lm abm 3dnowprefetch invpcid_single ssbd ibrs ibpb stibp kaiser fsgsbase tsc_adjust bmi1 hle avx2 smep bmi2 erms invpcid rtm mpx avx512f avx512dq rdseed adx smap clflushopt clwb avx512cd avx512bw avx512vl xsaveopt xsavec xgetbv1 xsaves arat md_clear arch_capabilities
bugs		: cpu_meltdown spectre_v1 spectre_v2 spec_store_bypass l1tf mds
bogomips	: 4000.33
clflush size	: 64
cache_alignment	: 64
address sizes	: 46 bits physical, 48 bits virtual
power management:

processor	: 1
vendor_id	: GenuineIntel
cpu family	: 6
model		: 85
model name	: Intel(R) Xeon(R) CPU @ 2.00GHz
stepping	: 3
microcode	: 0x1
cpu MHz		: 2000.166
cache size	: 56320 KB
physical id	: 0
siblings	: 4
core id		: 1
cpu cores	: 2
apicid		: 2
initial apicid	: 2
fpu		: yes
fpu_exception	: yes
cpuid level	: 13
wp		: yes
flags		: fpu vme de pse tsc msr pae mce cx8 apic sep mtrr pge mca cmov pat pse36 clflush mmx fxsr sse sse2 ss ht syscall nx pdpe1gb rdtscp lm constant_tsc rep_good nopl xtopology nonstop_tsc pni pclmulqdq ssse3 fma cx16 pcid sse4_1 sse4_2 x2apic movbe popcnt aes xsave avx f16c rdrand hypervisor lahf_lm abm 3dnowprefetch invpcid_single ssbd ibrs ibpb stibp kaiser fsgsbase tsc_adjust bmi1 hle avx2 smep bmi2 erms invpcid rtm mpx avx512f avx512dq rdseed adx smap clflushopt clwb avx512cd avx512bw avx512vl xsaveopt xsavec xgetbv1 xsaves arat md_clear arch_capabilities
bugs		: cpu_meltdown spectre_v1 spectre_v2 spec_store_bypass l1tf mds
bogomips	: 4000.33
clflush size	: 64
cache_alignment	: 64
address sizes	: 46 bits physical, 48 bits virtual
power management:

processor	: 2
vendor_id	: GenuineIntel
cpu family	: 6
model		: 85
model name	: Intel(R) Xeon(R) CPU @ 2.00GHz
stepping	: 3
microcode	: 0x1
cpu MHz		: 2000.166
cache size	: 56320 KB
physical id	: 0
siblings	: 4
core id		: 0
cpu cores	: 2
apicid		: 1
initial apicid	: 1
fpu		: yes
fpu_exception	: yes
cpuid level	: 13
wp		: yes
flags		: fpu vme de pse tsc msr pae mce cx8 apic sep mtrr pge mca cmov pat pse36 clflush mmx fxsr sse sse2 ss ht syscall nx pdpe1gb rdtscp lm constant_tsc rep_good nopl xtopology nonstop_tsc pni pclmulqdq ssse3 fma cx16 pcid sse4_1 sse4_2 x2apic movbe popcnt aes xsave avx f16c rdrand hypervisor lahf_lm abm 3dnowprefetch invpcid_single ssbd ibrs ibpb stibp kaiser fsgsbase tsc_adjust bmi1 hle avx2 smep bmi2 erms invpcid rtm mpx avx512f avx512dq rdseed adx smap clflushopt clwb avx512cd avx512bw avx512vl xsaveopt xsavec xgetbv1 xsaves arat md_clear arch_capabilities
bugs		: cpu_meltdown spectre_v1 spectre_v2 spec_store_bypass l1tf mds
bogomips	: 4000.33
clflush size	: 64
cache_alignment	: 64
address sizes	: 46 bits physical, 48 bits virtual
power management:

processor	: 3
vendor_id	: GenuineIntel
cpu family	: 6
model		: 85
model name	: Intel(R) Xeon(R) CPU @ 2.00GHz
stepping	: 3
microcode	: 0x1
cpu MHz		: 2000.166
cache size	: 56320 KB
physical id	: 0
siblings	: 4
core id		: 1
cpu cores	: 2
apicid		: 3
initial apicid	: 3
fpu		: yes
fpu_exception	: yes
cpuid level	: 13
wp		: yes
flags		: fpu vme de pse tsc msr pae mce cx8 apic sep mtrr pge mca cmov pat pse36 clflush mmx fxsr sse sse2 ss ht syscall nx pdpe1gb rdtscp lm constant_tsc rep_good nopl xtopology nonstop_tsc pni pclmulqdq ssse3 fma cx16 pcid sse4_1 sse4_2 x2apic movbe popcnt aes xsave avx f16c rdrand hypervisor lahf_lm abm 3dnowprefetch invpcid_single ssbd ibrs ibpb stibp kaiser fsgsbase tsc_adjust bmi1 hle avx2 smep bmi2 erms invpcid rtm mpx avx512f avx512dq rdseed adx smap clflushopt clwb avx512cd avx512bw avx512vl xsaveopt xsavec xgetbv1 xsaves arat md_clear arch_capabilities
bugs		: cpu_meltdown spectre_v1 spectre_v2 spec_store_bypass l1tf mds
bogomips	: 4000.33
clflush size	: 64
cache_alignment	: 64
address sizes	: 46 bits physical, 48 bits virtual
power management:



Memory: 4k page, physical 15404724k(9356652k free), swap 0k(0k free)

vm_info: OpenJDK 64-Bit Server VM (25.222-b10) for linux-amd64 JRE (1.8.0_222-8u222-b10-1~deb9u1-b10), built on Jul 19 2019 16:57:48 by "pbuilder" with gcc 6.3.0 20170516

time: Fri Jul 26 21:55:02 2019
timezone: UTC
elapsed time: 0 seconds (0d 0h 0m 0s)

